\BOOKMARK [0][-]{chapter*.1}{Introduction}{}% 1
\BOOKMARK [0][-]{chapter.1}{Preliminaries and Prerequisites}{}% 2
\BOOKMARK [0][-]{chapter.2}{Hilbert C*-modules and the Multiplier Algebra}{}% 3
\BOOKMARK [1][-]{section.2.1}{Hilbert C*-modules}{chapter.2}% 4
\BOOKMARK [1][-]{section.2.2}{The C*-algebra of adjointable operators}{chapter.2}% 5
\BOOKMARK [1][-]{section.2.3}{Unitizations and the Multiplier Algebra}{chapter.2}% 6
\BOOKMARK [0][-]{chapter.3}{Crossed Products with Topological Groups}{}% 7
\BOOKMARK [1][-]{section.3.1}{Integral Forms And Representation Theory}{chapter.3}% 8
\BOOKMARK [1][-]{section.3.2}{Crossed Products}{chapter.3}% 9
\BOOKMARK [1][-]{section.3.3}{Properties of Crossed products}{chapter.3}% 10
\BOOKMARK [1][-]{section.3.4}{The case of Abelian groups and Takai Duality}{chapter.3}% 11
\BOOKMARK [1][-]{section.3.5}{An Important Example: Transformation Groups and actions on Spaces}{chapter.3}% 12
\BOOKMARK [2][-]{subsection.3.5.1}{Topological Dynamics}{section.3.5}% 13
\BOOKMARK [2][-]{subsection.3.5.2}{Boundary Actions and the Furstenberg boundary}{section.3.5}% 14
\BOOKMARK [0][-]{chapter.4}{The Group Spectra And Applications}{}% 15
\BOOKMARK [1][-]{section.4.1}{The Arveson and Connes spectra}{chapter.4}% 16
\BOOKMARK [1][-]{section.4.2}{The Connes Spectrum and Simplicity}{chapter.4}% 17
\BOOKMARK [0][-]{chapter.5}{Actions And Automorphisms}{}% 18
\BOOKMARK [1][-]{section.5.1}{Action Properties}{chapter.5}% 19
\BOOKMARK [1][-]{section.5.2}{Consequences of Topological Freeness}{chapter.5}% 20
\BOOKMARK [1][-]{section.5.3}{A Relation between Ideals of Cr*\(G\) and A ,r G and a theorem of four}{chapter.5}% 21
\BOOKMARK [0][-]{chapter*.2}{Bibliography}{}% 22
\BOOKMARK [0][-]{section*.3}{Index}{}% 23
