\BOOKMARK [0][-]{chapter.1}{Prologue: Spectral- and Gelfand theory in Banach algebras and C*-algebras.}{}% 1
\BOOKMARK [1][-]{section*.2}{Banach Algebras and Gelfand Theory}{chapter.1}% 2
\BOOKMARK [0][-]{chapter.2}{Setting the scene: Analysis on Topological Groups}{}% 3
\BOOKMARK [1][-]{section*.3}{Analysis on Topological Groups}{chapter.2}% 4
\BOOKMARK [1][-]{theorem.2.27}{G-spaces}{chapter.2}% 5
\BOOKMARK [0][-]{chapter.3}{Representation theory of topological groups}{}% 6
\BOOKMARK [1][-]{section*.4}{Unitary Representations}{chapter.3}% 7
\BOOKMARK [1][-]{theorem.3.11}{Connections with L1\(G\)}{chapter.3}% 8
\BOOKMARK [1][-]{theorem.3.14}{Relating representations to L\(G\)}{chapter.3}% 9
\BOOKMARK [0][-]{chapter.4}{Analysis on Locally Compact Abelian Groups}{}% 10
\BOOKMARK [1][-]{section*.5}{The Dual Group}{chapter.4}% 11
\BOOKMARK [1][-]{theorem.4.8}{The Fourier Transformation of Abelian Groups}{chapter.4}% 12
\BOOKMARK [1][-]{theorem.4.24}{The Pontrjagin Duality Theorem}{chapter.4}% 13
\BOOKMARK [1][-]{Item.28}{Consequences of the Pontrjagin Duality Theorem}{chapter.4}% 14
\BOOKMARK [1][-]{theorem.4.37}{Representation Theory of Abelian Groups}{chapter.4}% 15
\BOOKMARK [0][-]{chapter.5}{Analysis on compact Hausdorff groups}{}% 16
\BOOKMARK [1][-]{section*.12}{Representations of Compact Groups}{chapter.5}% 17
\BOOKMARK [1][-]{theorem.5.7}{The Peter-Weyl Theorem}{chapter.5}% 18
\BOOKMARK [1][-]{theorem.5.16}{The Fourier Transformation on Compact Groups}{chapter.5}% 19
\BOOKMARK [0][-]{chapter.6}{Appendix A}{}% 20
\BOOKMARK [1][-]{section*.13}{Weak integrals}{chapter.6}% 21
\BOOKMARK [0][-]{section*.15}{Bibliography}{}% 22
