This is pdfTeX, Version 3.14159265-2.6-1.40.16 (TeX Live 2015/Debian) (preloaded format=pdflatex 2017.8.28)  11 MAY 2018 12:40
entering extended mode
 \write18 enabled.
 file:line:error style messages enabled.
 %&-line parsing enabled.
**frontpage.tex
(./frontpage.tex
LaTeX2e <2016/02/01>
Babel <3.9q> and hyphenation patterns for 81 language(s) loaded.

./frontpage.tex:4: LaTeX Error: Environment titlingpage undefined.

See the LaTeX manual or LaTeX Companion for explanation.
Type  H <return>  for immediate help.
 ...                                              
                                                  
l.4 \begin{titlingpage}
                       
Your command was ignored.
Type  I <command> <return>  to replace it with another command,
or  <return>  to continue without it.

./frontpage.tex:5: Undefined control sequence.
l.5 	\ThisLRCornerWallPaper
                           {1}{1.pdf}
The control sequence at the end of the top line
of your error message was never \def'ed. If you have
misspelled it (e.g., `\hobx'), type `I' and the correct
spelling (e.g., `I\hbox'). Otherwise just continue,
and I'll forget about whatever was undefined.


./frontpage.tex:5: LaTeX Error: Missing \begin{document}.

See the LaTeX manual or LaTeX Companion for explanation.
Type  H <return>  for immediate help.
 ...                                              
                                                  
l.5 	\ThisLRCornerWallPaper{1
                             }{1.pdf}
You're in trouble here.  Try typing  <return>  to proceed.
If that doesn't work, type  X <return>  to quit.

Missing character: There is no 1 in font nullfont!
Missing character: There is no 1 in font nullfont!
Missing character: There is no . in font nullfont!
Missing character: There is no p in font nullfont!
Missing character: There is no d in font nullfont!
Missing character: There is no f in font nullfont!
./frontpage.tex:8: Undefined control sequence.
l.8 	{\large
            \textsc{Malthe Munk Karbo}}\\[0.5cm]
The control sequence at the end of the top line
of your error message was never \def'ed. If you have
misspelled it (e.g., `\hobx'), type `I' and the correct
spelling (e.g., `I\hbox'). Otherwise just continue,
and I'll forget about whatever was undefined.

./frontpage.tex:9: Undefined control sequence.
l.9 	{\large
            \textsc{\mbox{A Generalized Representer Theorem}}}\\[0.1cm]
The control sequence at the end of the top line
of your error message was never \def'ed. If you have
misspelled it (e.g., `\hobx'), type `I' and the correct
spelling (e.g., `I\hbox'). Otherwise just continue,
and I'll forget about whatever was undefined.


Overfull \hbox (20.0pt too wide) in paragraph at lines 5--10
[]
 []


Overfull \hbox (38.11084pt too wide) in paragraph at lines 5--10
\OT1/cmr/m/sc/10 Malthe
 []


Overfull \hbox (28.51094pt too wide) in paragraph at lines 5--10
\OT1/cmr/m/sc/10 Munk
 []


Overfull \hbox (32.74152pt too wide) in paragraph at lines 5--10
\OT1/cmr/m/sc/10 Karbo 
 []


Overfull \hbox (191.97943pt too wide) in paragraph at lines 5--10
[] 
 []


./frontpage.tex:10: LaTeX Error: Missing \begin{document}.

See the LaTeX manual or LaTeX Companion for explanation.
Type  H <return>  for immediate help.
 ...                                              
                                                  
l.10 	\vfill\noindent
                     
You're in trouble here.  Try typing  <return>  to proceed.
If that doesn't work, type  X <return>  to quit.

./frontpage.tex:11: Undefined control sequence.
l.11 	{\large
             \textsc{Project in Mathematics}}\\[0.2cm]
The control sequence at the end of the top line
of your error message was never \def'ed. If you have
misspelled it (e.g., `\hobx'), type `I' and the correct
spelling (e.g., `I\hbox'). Otherwise just continue,
and I'll forget about whatever was undefined.

./frontpage.tex:13: Undefined control sequence.
l.13 	{\large
             \textsc{Department of Mathematical Sciences}}\\[0.2cm]
The control sequence at the end of the top line
of your error message was never \def'ed. If you have
misspelled it (e.g., `\hobx'), type `I' and the correct
spelling (e.g., `I\hbox'). Otherwise just continue,
and I'll forget about whatever was undefined.

./frontpage.tex:15: Undefined control sequence.
l.15 	{\large
             \textsc{University of Copenhagen}}\\[1cm]
The control sequence at the end of the top line
of your error message was never \def'ed. If you have
misspelled it (e.g., `\hobx'), type `I' and the correct
spelling (e.g., `I\hbox'). Otherwise just continue,
and I'll forget about whatever was undefined.

./frontpage.tex:16: Undefined control sequence.
l.16 	{\large
             \textsc{Advisors \\[0.2cm] {\Large Niels Richard Hansen}\\ [0.2...
The control sequence at the end of the top line
of your error message was never \def'ed. If you have
misspelled it (e.g., `\hobx'), type `I' and the correct
spelling (e.g., `I\hbox'). Otherwise just continue,
and I'll forget about whatever was undefined.

./frontpage.tex:16: Undefined control sequence.
<argument> Advisors \\[0.2cm] {\Large 
                                      Niels Richard Hansen}\\ [0.2cm] {\Larg...
l.16 ...Hansen}\\ [0.2cm] {\Large Lasse Petersen}}
                                                  }\\[1cm]
The control sequence at the end of the top line
of your error message was never \def'ed. If you have
misspelled it (e.g., `\hobx'), type `I' and the correct
spelling (e.g., `I\hbox'). Otherwise just continue,
and I'll forget about whatever was undefined.

./frontpage.tex:16: Undefined control sequence.
<argument> ...s Richard Hansen}\\ [0.2cm] {\Large 
                                                  Lasse Petersen}
l.16 ...Hansen}\\ [0.2cm] {\Large Lasse Petersen}}
                                                  }\\[1cm]
The control sequence at the end of the top line
of your error message was never \def'ed. If you have
misspelled it (e.g., `\hobx'), type `I' and the correct
spelling (e.g., `I\hbox'). Otherwise just continue,
and I'll forget about whatever was undefined.

./frontpage.tex:17: Undefined control sequence.
l.17 	{\large
             \textsc{\today}}
The control sequence at the end of the top line
of your error message was never \def'ed. If you have
misspelled it (e.g., `\hobx'), type `I' and the correct
spelling (e.g., `I\hbox'). Otherwise just continue,
and I'll forget about whatever was undefined.

./frontpage.tex:17: Undefined control sequence.
<recently read> \today 
                       
l.17 	{\large\textsc{\today}
                            }
The control sequence at the end of the top line
of your error message was never \def'ed. If you have
misspelled it (e.g., `\hobx'), type `I' and the correct
spelling (e.g., `I\hbox'). Otherwise just continue,
and I'll forget about whatever was undefined.


./frontpage.tex:19: LaTeX Error: \begin{document} ended by \end{titlingpage}.

See the LaTeX manual or LaTeX Companion for explanation.
Type  H <return>  for immediate help.
 ...                                              
                                                  
l.19 \end{titlingpage}
                      
Your command was ignored.
Type  I <command> <return>  to replace it with another command,
or  <return>  to continue without it.

./frontpage.tex:21: Undefined control sequence.
l.21 \restoregeometry
                     
The control sequence at the end of the top line
of your error message was never \def'ed. If you have
misspelled it (e.g., `\hobx'), type `I' and the correct
spelling (e.g., `I\hbox'). Otherwise just continue,
and I'll forget about whatever was undefined.


Overfull \hbox (41.2164pt too wide) in paragraph at lines 10--22
\OT1/cmr/m/sc/10 Project
 []


Overfull \hbox (9.15552pt too wide) in paragraph at lines 10--22
\OT1/cmr/m/sc/10 in
 []


Overfull \hbox (31.17754pt too wide) in paragraph at lines 10--22
\OT1/cmr/m/sc/10 Math-
 []


Overfull \hbox (9.35548pt too wide) in paragraph at lines 10--22
\OT1/cmr/m/sc/10 e-
 []


Overfull \hbox (22.62207pt too wide) in paragraph at lines 10--22
\OT1/cmr/m/sc/10 mat-
 []


Overfull \hbox (13.51103pt too wide) in paragraph at lines 10--22
\OT1/cmr/m/sc/10 ics 
 []


Overfull \hbox (17.64708pt too wide) in paragraph at lines 10--22
\OT1/cmr/m/sc/10 De-
 []


Overfull \hbox (26.0887pt too wide) in paragraph at lines 10--22
\OT1/cmr/m/sc/10 part-
 []


Overfull \hbox (25.08876pt too wide) in paragraph at lines 10--22
\OT1/cmr/m/sc/10 ment
 []


Overfull \hbox (11.71107pt too wide) in paragraph at lines 10--22
\OT1/cmr/m/sc/10 of
 []


Overfull \hbox (31.17754pt too wide) in paragraph at lines 10--22
\OT1/cmr/m/sc/10 Math-
 []


Overfull \hbox (9.35548pt too wide) in paragraph at lines 10--22
\OT1/cmr/m/sc/10 e-
 []


Overfull \hbox (22.62207pt too wide) in paragraph at lines 10--22
\OT1/cmr/m/sc/10 mat-
 []


Overfull \hbox (6.79994pt too wide) in paragraph at lines 10--22
\OT1/cmr/m/sc/10 i-
 []


Overfull \hbox (17.17769pt too wide) in paragraph at lines 10--22
\OT1/cmr/m/sc/10 cal
 []


Overfull \hbox (18.82205pt too wide) in paragraph at lines 10--22
\OT1/cmr/m/sc/10 Sci-
 []


Overfull \hbox (27.77763pt too wide) in paragraph at lines 10--22
\OT1/cmr/m/sc/10 ences 
 []


Overfull \hbox (21.07207pt too wide) in paragraph at lines 10--22
\OT1/cmr/m/sc/10 Uni-
 []


Overfull \hbox (21.511pt too wide) in paragraph at lines 10--22
\OT1/cmr/m/sc/10 ver-
 []


Overfull \hbox (19.64435pt too wide) in paragraph at lines 10--22
\OT1/cmr/m/sc/10 sity
 []


Overfull \hbox (11.71107pt too wide) in paragraph at lines 10--22
\OT1/cmr/m/sc/10 of
 []


Overfull \hbox (35.28311pt too wide) in paragraph at lines 10--22
\OT1/cmr/m/sc/10 Copen-
 []


Overfull \hbox (30.16653pt too wide) in paragraph at lines 10--22
\OT1/cmr/m/sc/10 hagen 
 []


Overfull \hbox (18.16098pt too wide) in paragraph at lines 10--22
\OT1/cmr/m/sc/10 Ad-
 []


Overfull \hbox (12.93326pt too wide) in paragraph at lines 10--22
\OT1/cmr/m/sc/10 vi-
 []


Overfull \hbox (21.53325pt too wide) in paragraph at lines 10--22
\OT1/cmr/m/sc/10 sors 
 []


Overfull \hbox (26.44981pt too wide) in paragraph at lines 10--22
\OT1/cmr/m/sc/10 Niels
 []


Overfull \hbox (41.46646pt too wide) in paragraph at lines 10--22
\OT1/cmr/m/sc/10 Richard
 []


Overfull \hbox (36.69426pt too wide) in paragraph at lines 10--22
\OT1/cmr/m/sc/10 Hansen 
 []


Overfull \hbox (27.69984pt too wide) in paragraph at lines 10--22
\OT1/cmr/m/sc/10 Lasse
 []


Overfull \hbox (16.77206pt too wide) in paragraph at lines 10--22
\OT1/cmr/m/sc/10 Pe-
 []


Overfull \hbox (33.79984pt too wide) in paragraph at lines 10--22
\OT1/cmr/m/sc/10 tersen 
 []


./frontpage.tex:22: LaTeX Error: The font size command \normalsize is not defin
ed:
               there is probably something wrong with the class file.

See the LaTeX manual or LaTeX Companion for explanation.
Type  H <return>  for immediate help.
 ...                                              
                                                  
l.22 \cleardoublepage
                     
Your command was ignored.
Type  I <command> <return>  to replace it with another command,
or  <return>  to continue without it.

[1

{/var/lib/texmf/fonts/map/pdftex/updmap/pdftex.map}])
! Emergency stop.
<*> frontpage.tex
                 
*** (job aborted, no legal \end found)

 
Here is how much of TeX's memory you used:
 13 strings out of 493029
 221 string characters out of 6136234
 54060 words of memory out of 5000000
 3646 multiletter control sequences out of 15000+600000
 3941 words of font info for 15 fonts, out of 8000000 for 9000
 1141 hyphenation exceptions out of 8191
 15i,4n,14p,139b,85s stack positions out of 5000i,500n,10000p,200000b,80000s
!  ==> Fatal error occurred, no output PDF file produced!
